2025-08-05 15:58:09,804 [INFO] [efhr] >>> Trigger condition met
2025-08-05 15:58:09,805 [INFO] [efhr] running prediction
2025-08-05 15:58:25,841 [INFO] [pred] >>> Trigger condition met
2025-08-05 15:58:25,871 [INFO] [pred] running prediction
2025-08-05 15:58:51,882 [INFO] {'pid': 'central', 'type': 'efhr', 'EF': 0.4693489187141422, 'HR': 300.0}
2025-08-05 15:58:53,882 [INFO] [efhr] >>> Trigger condition met
2025-08-05 15:58:53,886 [INFO] [efhr] running prediction
2025-08-05 16:01:45,054 [WARNING] Prediction loop error: Data cardinality is ambiguous. Make sure all arrays contain the same number of samples.'x' sizes: 500, 1

2025-08-05 16:01:55,051 [INFO] [pred] >>> Trigger condition met
2025-08-05 16:01:55,060 [INFO] [pred] running prediction
2025-08-05 16:02:01,717 [INFO] {'pid': 'central', 'type': 'efhr', 'EF': 0.4693489187141422, 'HR': 300.0}
2025-08-05 16:02:03,738 [INFO] [efhr] >>> Trigger condition met
2025-08-05 16:02:03,745 [INFO] [efhr] running prediction
2025-08-05 16:10:48,521 [INFO] [efhr] >>> Trigger condition met
2025-08-05 16:10:48,522 [INFO] [efhr] running prediction
2025-08-05 16:11:03,584 [INFO] {'pid': 'central', 'type': 'efhr', 'EF': 0.4693489187141422, 'HR': 150.0}
2025-08-05 16:11:04,515 [INFO] [pred] >>> Trigger condition met
2025-08-05 16:11:04,516 [INFO] [pred] running prediction
2025-08-05 16:11:05,586 [INFO] [efhr] >>> Trigger condition met
2025-08-05 16:11:05,652 [INFO] [efhr] running prediction
2025-08-05 16:11:45,134 [INFO] {'pid': 'central', 'type': 'efhr', 'EF': 0.4693489187141422, 'HR': 150.0}
2025-08-05 16:11:47,144 [INFO] [efhr] >>> Trigger condition met
2025-08-05 16:11:47,206 [INFO] [efhr] running prediction
2025-08-05 16:12:27,020 [INFO] {'pid': 'central', 'type': 'efhr', 'EF': 0.4693489187141422, 'HR': 150.0}
2025-08-05 16:12:29,025 [INFO] [efhr] >>> Trigger condition met
2025-08-05 16:12:29,038 [INFO] [efhr] running prediction
2025-08-05 16:13:09,197 [INFO] {'pid': 'central', 'type': 'efhr', 'EF': 0.4693489187141422, 'HR': 150.0}
2025-08-05 16:13:11,230 [INFO] [efhr] >>> Trigger condition met
2025-08-05 16:13:11,274 [INFO] [efhr] running prediction
2025-08-05 16:13:51,719 [INFO] {'pid': 'central', 'type': 'efhr', 'EF': 0.4693489187141422, 'HR': 150.0}
2025-08-05 16:13:53,735 [INFO] [efhr] >>> Trigger condition met
2025-08-05 16:13:53,736 [INFO] [efhr] running prediction
2025-08-05 16:14:07,753 [WARNING] Prediction loop error: Input 1 of layer "Stitcher" is incompatible with the layer: expected shape=(None, 10), found shape=(1, 1, 10)
2025-08-05 16:14:17,394 [INFO] {'pid': 'central', 'type': 'efhr', 'EF': 0.4693489187141422, 'HR': 150.0}
2025-08-05 16:14:17,776 [INFO] [pred] >>> Trigger condition met
2025-08-05 16:14:17,777 [INFO] [pred] running prediction
2025-08-05 16:14:19,388 [INFO] [efhr] >>> Trigger condition met
2025-08-05 16:14:19,403 [INFO] [efhr] running prediction
2025-08-05 16:15:00,303 [INFO] {'pid': 'central', 'type': 'efhr', 'EF': 0.4693489187141422, 'HR': 150.0}
2025-08-05 16:15:02,329 [INFO] [efhr] >>> Trigger condition met
2025-08-05 16:15:02,377 [INFO] [efhr] running prediction
2025-08-05 16:15:56,576 [INFO] [efhr] >>> Trigger condition met
2025-08-05 16:15:56,577 [INFO] [efhr] running prediction
2025-08-05 16:16:12,012 [INFO] {'pid': 'central', 'type': 'efhr', 'EF': 0.4693489187141422, 'HR': 150.0}
2025-08-05 16:16:12,615 [INFO] [pred] >>> Trigger condition met
2025-08-05 16:16:12,617 [INFO] [pred] running prediction
2025-08-05 16:16:14,017 [INFO] [efhr] >>> Trigger condition met
2025-08-05 16:16:14,024 [INFO] [efhr] running prediction
2025-08-05 16:16:52,997 [INFO] {'pid': 'central', 'type': 'efhr', 'EF': 0.4693489187141422, 'HR': 150.0}
2025-08-05 16:16:55,017 [INFO] [efhr] >>> Trigger condition met
2025-08-05 16:16:55,022 [INFO] [efhr] running prediction
2025-08-05 16:17:33,465 [INFO] {'pid': 'central', 'type': 'efhr', 'EF': 0.4693489187141422, 'HR': 150.0}
2025-08-05 16:17:35,455 [INFO] [efhr] >>> Trigger condition met
2025-08-05 16:17:35,461 [INFO] [efhr] running prediction
2025-08-05 16:18:14,256 [INFO] {'pid': 'central', 'type': 'efhr', 'EF': 0.4693489187141422, 'HR': 150.0}
2025-08-05 16:18:16,248 [INFO] [efhr] >>> Trigger condition met
2025-08-05 16:18:16,261 [INFO] [efhr] running prediction
2025-08-05 16:18:54,742 [INFO] {'pid': 'central', 'type': 'efhr', 'EF': 0.4693489187141422, 'HR': 150.0}
2025-08-05 16:18:56,762 [INFO] [efhr] >>> Trigger condition met
2025-08-05 16:18:56,810 [INFO] [efhr] running prediction
2025-08-05 16:19:22,814 [WARNING] Prediction loop error: Input 1 of layer "Stitcher" is incompatible with the layer: expected shape=(None, 10), found shape=(1, 1, 10)
2025-08-05 16:19:27,888 [INFO] {'pid': 'central', 'type': 'efhr', 'EF': 0.4693489187141422, 'HR': 150.0}
2025-08-05 16:19:29,871 [INFO] [efhr] >>> Trigger condition met
2025-08-05 16:19:29,872 [INFO] [efhr] running prediction
2025-08-05 16:19:32,841 [INFO] [pred] >>> Trigger condition met
2025-08-05 16:19:32,842 [INFO] [pred] running prediction
2025-08-05 16:20:06,315 [INFO] {'pid': 'central', 'type': 'efhr', 'EF': 0.4693489187141422, 'HR': 150.0}
2025-08-05 16:20:08,327 [INFO] [efhr] >>> Trigger condition met
2025-08-05 16:20:08,363 [INFO] [efhr] running prediction
2025-08-05 16:20:34,370 [INFO] [efhr] >>> Trigger condition met
2025-08-05 16:20:34,371 [INFO] [efhr] running prediction
2025-08-05 16:20:49,394 [INFO] {'pid': 'central', 'type': 'efhr', 'EF': 0.4693489187141422, 'HR': 150.0}
2025-08-05 16:20:50,383 [INFO] [pred] >>> Trigger condition met
2025-08-05 16:20:50,384 [INFO] [pred] running prediction
2025-08-05 16:20:51,389 [INFO] [efhr] >>> Trigger condition met
2025-08-05 16:20:51,420 [INFO] [efhr] running prediction
2025-08-05 16:21:31,606 [INFO] {'pid': 'central', 'type': 'efhr', 'EF': 0.4693489187141422, 'HR': 150.0}
2025-08-05 16:21:33,643 [INFO] [efhr] >>> Trigger condition met
2025-08-05 16:21:33,673 [INFO] [efhr] running prediction
2025-08-05 16:22:14,987 [INFO] {'pid': 'central', 'type': 'efhr', 'EF': 0.4693489187141422, 'HR': 150.0}
2025-08-05 16:22:17,004 [INFO] [efhr] >>> Trigger condition met
2025-08-05 16:22:17,022 [INFO] [efhr] running prediction
2025-08-05 16:22:58,287 [INFO] {'pid': 'central', 'type': 'efhr', 'EF': 0.4693489187141422, 'HR': 150.0}
2025-08-05 16:23:00,304 [INFO] [efhr] >>> Trigger condition met
2025-08-05 16:23:00,324 [INFO] [efhr] running prediction
2025-08-05 16:23:41,442 [INFO] {'pid': 'central', 'type': 'efhr', 'EF': 0.4693489187141422, 'HR': 150.0}
2025-08-05 16:23:43,453 [INFO] [efhr] >>> Trigger condition met
2025-08-05 16:23:43,501 [INFO] [efhr] running prediction
2025-08-05 16:23:56,100 [INFO] {'pid': 'central', 'type': 'prediction', 'diagnosis': 'SVT', 'confidence': 0.89181066}
2025-08-05 16:23:56,112 [WARNING] Prediction loop error: Object of type float32 is not JSON serializable
2025-08-05 16:24:06,121 [INFO] [pred] >>> Trigger condition met
2025-08-05 16:24:06,137 [INFO] [pred] running prediction
2025-08-05 16:24:07,560 [INFO] {'pid': 'central', 'type': 'efhr', 'EF': 0.4693489187141422, 'HR': 150.0}
2025-08-05 16:24:09,551 [INFO] [efhr] >>> Trigger condition met
2025-08-05 16:24:09,561 [INFO] [efhr] running prediction
2025-08-05 16:24:50,543 [INFO] {'pid': 'central', 'type': 'efhr', 'EF': 0.4693489187141422, 'HR': 150.0}
2025-08-05 16:24:52,560 [INFO] [efhr] >>> Trigger condition met
2025-08-05 16:24:52,615 [INFO] [efhr] running prediction
2025-08-05 16:28:48,420 [INFO] [efhr] >>> Trigger condition met
2025-08-05 16:28:48,422 [INFO] [efhr] running prediction
2025-08-05 16:29:03,771 [INFO] {'pid': 'central', 'type': 'efhr', 'EF': 0.4693489187141422, 'HR': 150.0}
2025-08-05 16:29:04,422 [INFO] [pred] >>> Trigger condition met
2025-08-05 16:29:04,422 [INFO] [pred] running prediction
2025-08-05 16:29:05,744 [INFO] [efhr] >>> Trigger condition met
2025-08-05 16:29:05,792 [INFO] [efhr] running prediction
2025-08-05 16:29:46,069 [INFO] {'pid': 'central', 'type': 'efhr', 'EF': 0.4693489187141422, 'HR': 150.0}
2025-08-05 16:29:48,099 [INFO] [efhr] >>> Trigger condition met
2025-08-05 16:29:48,182 [INFO] [efhr] running prediction
2025-08-05 16:30:29,451 [INFO] {'pid': 'central', 'type': 'efhr', 'EF': 0.4693489187141422, 'HR': 150.0}
2025-08-05 16:30:31,476 [INFO] [efhr] >>> Trigger condition met
2025-08-05 16:30:31,484 [INFO] [efhr] running prediction
2025-08-05 16:31:12,785 [INFO] {'pid': 'central', 'type': 'efhr', 'EF': 0.4693489187141422, 'HR': 150.0}
2025-08-05 16:31:14,821 [INFO] [efhr] >>> Trigger condition met
2025-08-05 16:31:14,838 [INFO] [efhr] running prediction
2025-08-05 16:31:54,691 [INFO] {'pid': 'central', 'type': 'efhr', 'EF': 0.4693489187141422, 'HR': 150.0}
2025-08-05 16:31:56,701 [INFO] [efhr] >>> Trigger condition met
2025-08-05 16:31:56,710 [INFO] [efhr] running prediction
2025-08-05 16:32:20,562 [INFO] {'pid': 'central', 'type': 'prediction', 'diagnosis': 'Sinus Rhythm', 'confidence': 0.7199905514717102}
2025-08-05 16:32:27,589 [INFO] {'pid': 'central', 'type': 'efhr', 'EF': 0.4693489187141422, 'HR': 150.0}
2025-08-05 16:32:29,605 [INFO] [efhr] >>> Trigger condition met
2025-08-05 16:32:29,606 [INFO] [efhr] running prediction
2025-08-05 16:32:30,596 [INFO] [pred] >>> Trigger condition met
2025-08-05 16:32:30,620 [INFO] [pred] running prediction
2025-08-05 16:33:11,901 [INFO] {'pid': 'central', 'type': 'efhr', 'EF': 0.4693489187141422, 'HR': 150.0}
2025-08-05 16:33:13,924 [INFO] [efhr] >>> Trigger condition met
2025-08-05 16:33:13,958 [INFO] [efhr] running prediction
2025-08-05 16:33:55,739 [INFO] {'pid': 'central', 'type': 'efhr', 'EF': 0.4693489187141422, 'HR': 150.0}
2025-08-05 16:33:57,749 [INFO] [efhr] >>> Trigger condition met
2025-08-05 16:33:57,751 [INFO] [efhr] running prediction
2025-08-05 16:34:39,480 [INFO] {'pid': 'central', 'type': 'efhr', 'EF': 0.4693489187141422, 'HR': 150.0}
2025-08-05 16:34:41,504 [INFO] [efhr] >>> Trigger condition met
2025-08-05 16:34:41,515 [INFO] [efhr] running prediction
2025-08-05 16:35:24,045 [INFO] {'pid': 'central', 'type': 'efhr', 'EF': 0.4693489187141422, 'HR': 150.0}
2025-08-05 16:35:26,063 [INFO] [efhr] >>> Trigger condition met
2025-08-05 16:35:26,066 [INFO] [efhr] running prediction
2025-08-05 16:35:38,532 [INFO] {'pid': 'central', 'type': 'prediction', 'diagnosis': 'SVT', 'confidence': 0.8057097792625427}
2025-08-05 16:35:48,565 [INFO] [pred] >>> Trigger condition met
2025-08-05 16:35:48,574 [INFO] [pred] running prediction
2025-08-05 16:35:49,996 [INFO] {'pid': 'central', 'type': 'efhr', 'EF': 0.4693489187141422, 'HR': 150.0}
2025-08-05 16:35:52,001 [INFO] [efhr] >>> Trigger condition met
2025-08-05 16:35:52,005 [INFO] [efhr] running prediction
2025-08-05 16:36:34,517 [INFO] {'pid': 'central', 'type': 'efhr', 'EF': 0.4693489187141422, 'HR': 150.0}
2025-08-05 16:36:36,529 [INFO] [efhr] >>> Trigger condition met
2025-08-05 16:36:36,544 [INFO] [efhr] running prediction
2025-08-05 16:37:18,292 [INFO] {'pid': 'central', 'type': 'efhr', 'EF': 0.4693489187141422, 'HR': 150.0}
2025-08-05 16:37:20,302 [INFO] [efhr] >>> Trigger condition met
2025-08-05 16:37:20,364 [INFO] [efhr] running prediction
2025-08-05 16:38:01,593 [INFO] {'pid': 'central', 'type': 'efhr', 'EF': 0.4693489187141422, 'HR': 150.0}
2025-08-05 16:38:03,617 [INFO] [efhr] >>> Trigger condition met
2025-08-05 16:38:03,638 [INFO] [efhr] running prediction
2025-08-05 16:38:34,529 [INFO] Client disconnected
2025-08-05 16:38:34,530 [WARNING] (<CloseCode.ABNORMAL_CLOSURE: 1006>, '')
2025-08-05 18:45:14,407 [INFO] [efhr] >>> Trigger condition met
2025-08-05 18:45:14,407 [INFO] [efhr] running prediction
2025-08-05 18:45:25,845 [INFO] {'pid': 'central', 'type': 'efhr', 'EF': 0.705041953758436, 'HR': 150.0}
2025-08-05 18:45:27,837 [INFO] [efhr] >>> Trigger condition met
2025-08-05 18:45:27,837 [INFO] [efhr] running prediction
2025-08-05 18:45:32,425 [INFO] [pred] >>> Trigger condition met
2025-08-05 18:45:32,462 [INFO] [pred] running prediction
2025-08-05 18:45:47,590 [INFO] {'pid': 'central', 'type': 'efhr', 'EF': 0.7050419559907695, 'HR': 150.0}
2025-08-05 18:45:49,607 [INFO] [efhr] >>> Trigger condition met
2025-08-05 18:45:49,645 [INFO] [efhr] running prediction
2025-08-05 18:46:15,397 [INFO] {'pid': 'central', 'type': 'efhr', 'EF': 0.7050419627846629, 'HR': 150.0}
2025-08-05 18:46:17,402 [INFO] [efhr] >>> Trigger condition met
2025-08-05 18:46:17,410 [INFO] [efhr] running prediction
2025-08-05 18:46:44,104 [INFO] {'pid': 'central', 'type': 'efhr', 'EF': 0.705041953758436, 'HR': 150.0}
2025-08-05 18:46:46,150 [INFO] [efhr] >>> Trigger condition met
2025-08-05 18:46:46,158 [INFO] [efhr] running prediction
2025-08-05 18:47:12,343 [INFO] {'pid': 'central', 'type': 'efhr', 'EF': 0.7050419596620547, 'HR': 150.0}
2025-08-05 18:47:14,368 [INFO] [efhr] >>> Trigger condition met
2025-08-05 18:47:14,368 [INFO] [efhr] running prediction
2025-08-05 18:47:38,212 [INFO] {'pid': 'central', 'type': 'prediction', 'diagnosis': 'Sinus Rhythm', 'confidence': 0.8903809785842896}
2025-08-05 18:47:38,579 [INFO] {'pid': 'central', 'type': 'efhr', 'EF': 0.7050419627846629, 'HR': 150.0}
2025-08-05 18:47:40,590 [INFO] [efhr] >>> Trigger condition met
2025-08-05 18:47:40,590 [INFO] [efhr] running prediction
2025-08-05 18:47:48,231 [INFO] [pred] >>> Trigger condition met
2025-08-05 18:47:48,279 [INFO] [pred] running prediction
2025-08-05 18:47:55,222 [INFO] {'pid': 'central', 'type': 'efhr', 'EF': 0.705041953758436, 'HR': 150.0}
2025-08-05 18:47:57,230 [INFO] [efhr] >>> Trigger condition met
2025-08-05 18:47:57,238 [INFO] [efhr] running prediction
2025-08-05 18:48:24,586 [INFO] {'pid': 'central', 'type': 'efhr', 'EF': 0.7050419627846629, 'HR': 150.0}
2025-08-05 18:48:26,604 [INFO] [efhr] >>> Trigger condition met
2025-08-05 18:48:26,612 [INFO] [efhr] running prediction
2025-08-05 18:48:53,724 [INFO] {'pid': 'central', 'type': 'efhr', 'EF': 0.7050419627846629, 'HR': 150.0}
2025-08-05 18:48:55,745 [INFO] [efhr] >>> Trigger condition met
2025-08-05 18:48:55,749 [INFO] [efhr] running prediction
2025-08-05 18:49:19,771 [INFO] {'pid': 'central', 'type': 'efhr', 'EF': 0.7050419559907695, 'HR': 150.0}
2025-08-05 18:49:21,785 [INFO] [efhr] >>> Trigger condition met
2025-08-05 18:49:21,791 [INFO] [efhr] running prediction
2025-08-05 18:49:42,775 [INFO] {'pid': 'central', 'type': 'prediction', 'diagnosis': 'SVT', 'confidence': 0.8911899328231812}
2025-08-05 18:49:43,804 [INFO] {'pid': 'central', 'type': 'efhr', 'EF': 0.7050419627846629, 'HR': 150.0}
2025-08-05 18:49:45,814 [INFO] [efhr] >>> Trigger condition met
2025-08-05 18:49:45,815 [INFO] [efhr] running prediction
2025-08-05 18:49:52,815 [INFO] [pred] >>> Trigger condition met
2025-08-05 18:49:52,849 [INFO] [pred] running prediction
2025-08-05 18:49:56,010 [INFO] {'pid': 'central', 'type': 'efhr', 'EF': 0.705041953758436, 'HR': 150.0}
2025-08-05 18:49:58,024 [INFO] [efhr] >>> Trigger condition met
2025-08-05 18:49:58,057 [INFO] [efhr] running prediction
2025-08-05 18:50:21,315 [INFO] {'pid': 'central', 'type': 'efhr', 'EF': 0.7050419559907695, 'HR': 150.0}
2025-08-05 18:50:23,336 [INFO] [efhr] >>> Trigger condition met
2025-08-05 18:50:23,372 [INFO] [efhr] running prediction
2025-08-05 18:50:47,693 [INFO] {'pid': 'central', 'type': 'efhr', 'EF': 0.7050419627846629, 'HR': 150.0}
2025-08-05 18:50:49,692 [INFO] [efhr] >>> Trigger condition met
2025-08-05 18:50:49,706 [INFO] [efhr] running prediction
2025-08-05 18:51:12,276 [INFO] {'pid': 'central', 'type': 'efhr', 'EF': 0.7050419559907695, 'HR': 150.0}
2025-08-05 18:51:14,304 [INFO] [efhr] >>> Trigger condition met
2025-08-05 18:51:14,334 [INFO] [efhr] running prediction
2025-08-05 18:51:22,529 [INFO] Client disconnected
2025-08-05 18:51:22,529 [WARNING] (1011, 'keepalive ping timeout')
2025-08-05 18:54:54,519 [INFO] [efhr] >>> Trigger condition met
2025-08-05 18:54:54,521 [INFO] [efhr] running prediction
2025-08-05 18:55:02,960 [INFO] {'pid': 'central', 'type': 'efhr', 'EF': 0.705041953758436, 'HR': 150.0}
2025-08-05 18:55:04,968 [INFO] [efhr] >>> Trigger condition met
2025-08-05 18:55:04,970 [INFO] [efhr] running prediction
2025-08-05 18:55:12,532 [INFO] [pred] >>> Trigger condition met
2025-08-05 18:55:12,553 [INFO] [pred] running prediction
2025-08-05 18:55:15,208 [INFO] {'pid': 'central', 'type': 'efhr', 'EF': 0.705041953758436, 'HR': 150.0}
2025-08-05 18:55:17,254 [INFO] [efhr] >>> Trigger condition met
2025-08-05 18:55:17,293 [INFO] [efhr] running prediction
2025-08-05 18:55:39,992 [INFO] {'pid': 'central', 'type': 'efhr', 'EF': 0.7050419559907695, 'HR': 150.0}
2025-08-05 18:55:42,022 [INFO] [efhr] >>> Trigger condition met
2025-08-05 18:55:42,035 [INFO] [efhr] running prediction
2025-08-05 18:56:04,958 [INFO] {'pid': 'central', 'type': 'efhr', 'EF': 0.7050419627846629, 'HR': 150.0}
2025-08-05 18:56:06,946 [INFO] [efhr] >>> Trigger condition met
2025-08-05 18:56:06,959 [INFO] [efhr] running prediction
2025-08-05 18:56:30,157 [INFO] {'pid': 'central', 'type': 'efhr', 'EF': 0.705041953758436, 'HR': 150.0}
2025-08-05 18:56:32,185 [INFO] [efhr] >>> Trigger condition met
2025-08-05 18:56:32,231 [INFO] [efhr] running prediction
2025-08-05 18:56:53,946 [INFO] {'pid': 'central', 'type': 'efhr', 'EF': 0.7050419627846629, 'HR': 150.0}
2025-08-05 18:56:54,018 [INFO] {'pid': 'central', 'type': 'prediction', 'diagnosis': 'Sinus Rhythm', 'confidence': 0.8903809785842896}
2025-08-05 18:56:55,971 [INFO] [efhr] >>> Trigger condition met
2025-08-05 18:56:55,972 [INFO] [efhr] running prediction
2025-08-05 18:57:04,024 [INFO] [pred] >>> Trigger condition met
2025-08-05 18:57:04,058 [INFO] [pred] running prediction
2025-08-05 18:57:05,767 [INFO] {'pid': 'central', 'type': 'efhr', 'EF': 0.7050419596620547, 'HR': 150.0}
2025-08-05 18:57:07,809 [INFO] [efhr] >>> Trigger condition met
2025-08-05 18:57:07,839 [INFO] [efhr] running prediction
2025-08-05 18:57:30,136 [INFO] {'pid': 'central', 'type': 'efhr', 'EF': 0.705041953758436, 'HR': 150.0}
2025-08-05 18:57:32,186 [INFO] [efhr] >>> Trigger condition met
2025-08-05 18:57:32,210 [INFO] [efhr] running prediction
2025-08-05 18:57:55,127 [INFO] {'pid': 'central', 'type': 'efhr', 'EF': 0.7050419627846629, 'HR': 150.0}
2025-08-05 18:57:57,141 [INFO] [efhr] >>> Trigger condition met
2025-08-05 18:57:57,159 [INFO] [efhr] running prediction
2025-08-05 18:58:19,615 [INFO] {'pid': 'central', 'type': 'efhr', 'EF': 0.7050419596620547, 'HR': 150.0}
2025-08-05 18:58:21,619 [INFO] [efhr] >>> Trigger condition met
2025-08-05 18:58:21,663 [INFO] [efhr] running prediction
2025-08-05 18:58:44,103 [INFO] {'pid': 'central', 'type': 'efhr', 'EF': 0.7050419559907695, 'HR': 150.0}
2025-08-05 18:58:44,141 [INFO] {'pid': 'central', 'type': 'prediction', 'diagnosis': 'Sinus Rhythm', 'confidence': 0.8903809785842896}
2025-08-05 18:58:46,122 [INFO] [efhr] >>> Trigger condition met
2025-08-05 18:58:46,124 [INFO] [efhr] running prediction
2025-08-05 18:58:54,143 [INFO] [pred] >>> Trigger condition met
2025-08-05 18:58:54,199 [INFO] [pred] running prediction
2025-08-05 18:58:54,812 [INFO] {'pid': 'central', 'type': 'efhr', 'EF': 0.7050419627846629, 'HR': 150.0}
2025-08-05 18:58:56,832 [INFO] [efhr] >>> Trigger condition met
2025-08-05 18:58:56,885 [INFO] [efhr] running prediction
2025-08-05 18:59:20,398 [INFO] {'pid': 'central', 'type': 'efhr', 'EF': 0.7050419627846629, 'HR': 150.0}
2025-08-05 18:59:22,402 [INFO] [efhr] >>> Trigger condition met
2025-08-05 18:59:22,409 [INFO] [efhr] running prediction
2025-08-05 18:59:45,185 [INFO] {'pid': 'central', 'type': 'efhr', 'EF': 0.7050419559907695, 'HR': 150.0}
2025-08-05 18:59:47,222 [INFO] [efhr] >>> Trigger condition met
2025-08-05 18:59:47,236 [INFO] [efhr] running prediction
2025-08-05 19:00:09,864 [INFO] {'pid': 'central', 'type': 'efhr', 'EF': 0.7050419627846629, 'HR': 150.0}
2025-08-05 19:00:12,648 [INFO] Client disconnected
2025-08-05 19:00:12,655 [WARNING] (1011, 'keepalive ping timeout')
2025-08-05 19:18:06,597 [INFO] [efhr] >>> Trigger condition met
2025-08-05 19:18:06,598 [INFO] [efhr] running prediction
2025-08-05 19:18:24,580 [INFO] [pred] >>> Trigger condition met
2025-08-05 19:18:24,584 [INFO] [pred] running prediction
2025-08-05 19:18:36,234 [INFO] {'pid': 'central', 'type': 'efhr', 'EF': 0.705041953758436, 'HR': 150.0}
2025-08-05 19:18:38,239 [INFO] [efhr] >>> Trigger condition met
2025-08-05 19:18:38,248 [INFO] [efhr] running prediction
2025-08-05 19:19:42,530 [INFO] {'pid': 'central', 'type': 'efhr', 'EF': 0.705041953758436, 'HR': 150.0}
2025-08-05 19:19:44,528 [INFO] [efhr] >>> Trigger condition met
2025-08-05 19:19:44,530 [INFO] [efhr] running prediction
2025-08-05 19:20:35,651 [INFO] {'pid': 'central', 'type': 'efhr', 'EF': 0.7050419559907695, 'HR': 150.0}
2025-08-05 19:20:37,696 [INFO] [efhr] >>> Trigger condition met
2025-08-05 19:20:37,747 [INFO] [efhr] running prediction
2025-08-05 19:21:36,381 [INFO] {'pid': 'central', 'type': 'efhr', 'EF': 0.7050419627846629, 'HR': 150.0}
2025-08-05 19:21:38,402 [INFO] [efhr] >>> Trigger condition met
2025-08-05 19:21:38,406 [INFO] [efhr] running prediction
2025-08-05 19:22:39,725 [INFO] {'pid': 'central', 'type': 'efhr', 'EF': 0.705041953758436, 'HR': 150.0}
2025-08-05 19:22:41,750 [INFO] [efhr] >>> Trigger condition met
2025-08-05 19:22:41,755 [INFO] [efhr] running prediction
2025-08-05 19:23:01,664 [INFO] {'pid': 'central', 'type': 'prediction', 'diagnosis': 'Sinus Rhythm', 'confidence': 0.8903809785842896}
2025-08-05 19:23:11,684 [INFO] [pred] >>> Trigger condition met
2025-08-05 19:23:11,693 [INFO] [pred] running prediction
2025-08-05 19:23:33,696 [INFO] {'pid': 'central', 'type': 'efhr', 'EF': 0.705041953758436, 'HR': 150.0}
2025-08-05 19:23:35,700 [INFO] [efhr] >>> Trigger condition met
2025-08-05 19:23:35,703 [INFO] [efhr] running prediction
2025-08-05 19:24:35,545 [INFO] {'pid': 'central', 'type': 'efhr', 'EF': 0.7050419559907695, 'HR': 150.0}
2025-08-05 19:24:37,557 [INFO] [efhr] >>> Trigger condition met
2025-08-05 19:24:37,562 [INFO] [efhr] running prediction
2025-08-05 19:25:35,437 [INFO] {'pid': 'central', 'type': 'efhr', 'EF': 0.705041953758436, 'HR': 150.0}
2025-08-05 19:25:37,436 [INFO] [efhr] >>> Trigger condition met
2025-08-05 19:25:37,438 [INFO] [efhr] running prediction
2025-08-05 19:26:36,411 [INFO] {'pid': 'central', 'type': 'efhr', 'EF': 0.7050419627846629, 'HR': 150.0}
2025-08-05 19:26:38,436 [INFO] [efhr] >>> Trigger condition met
2025-08-05 19:26:38,444 [INFO] [efhr] running prediction
2025-08-05 19:27:37,554 [INFO] {'pid': 'central', 'type': 'efhr', 'EF': 0.7050419627846629, 'HR': 150.0}
2025-08-05 19:27:39,566 [INFO] [efhr] >>> Trigger condition met
2025-08-05 19:27:39,569 [INFO] [efhr] running prediction
2025-08-05 19:28:01,005 [INFO] {'pid': 'central', 'type': 'prediction', 'diagnosis': 'SVT', 'confidence': 0.8911899328231812}
2025-08-05 19:28:11,027 [INFO] [pred] >>> Trigger condition met
2025-08-05 19:28:11,031 [INFO] [pred] running prediction
2025-08-05 19:28:29,206 [INFO] {'pid': 'central', 'type': 'efhr', 'EF': 0.7050419559907695, 'HR': 150.0}
2025-08-05 19:28:31,233 [INFO] [efhr] >>> Trigger condition met
2025-08-05 19:28:31,237 [INFO] [efhr] running prediction
2025-08-05 19:29:31,367 [INFO] {'pid': 'central', 'type': 'efhr', 'EF': 0.7050419559907695, 'HR': 150.0}
2025-08-05 19:29:33,384 [INFO] [efhr] >>> Trigger condition met
2025-08-05 19:29:33,393 [INFO] [efhr] running prediction
2025-08-05 19:30:18,720 [INFO] {'pid': 'central', 'type': 'efhr', 'EF': 0.705041953758436, 'HR': 150.0}
2025-08-05 19:30:20,732 [INFO] [efhr] >>> Trigger condition met
2025-08-05 19:30:20,740 [INFO] [efhr] running prediction
2025-08-05 19:31:17,671 [INFO] {'pid': 'central', 'type': 'efhr', 'EF': 0.7050419627846629, 'HR': 150.0}
2025-08-05 19:31:19,678 [INFO] [efhr] >>> Trigger condition met
2025-08-05 19:31:19,681 [INFO] [efhr] running prediction
2025-08-05 19:31:44,889 [INFO] Client disconnected
2025-08-05 19:31:44,893 [WARNING] (1011, 'keepalive ping timeout')
2025-08-05 19:51:03,993 [INFO] [efhr] >>> Trigger condition met
2025-08-05 19:51:03,994 [INFO] [efhr] running prediction
2025-08-05 19:51:14,809 [INFO] {'pid': 'central', 'type': 'efhr', 'EF': 0.705041953758436, 'HR': 150.0}
2025-08-05 19:51:16,816 [INFO] [efhr] >>> Trigger condition met
2025-08-05 19:51:16,816 [INFO] [efhr] running prediction
2025-08-05 19:51:22,047 [INFO] [pred] >>> Trigger condition met
2025-08-05 19:51:22,062 [INFO] [pred] running prediction
2025-08-05 19:52:13,706 [INFO] {'pid': 'central', 'type': 'efhr', 'EF': 0.7050419559907695, 'HR': 150.0}
2025-08-05 19:52:15,719 [INFO] [efhr] >>> Trigger condition met
2025-08-05 19:52:15,721 [INFO] [efhr] running prediction
2025-08-05 19:53:16,876 [INFO] {'pid': 'central', 'type': 'efhr', 'EF': 0.7050419596620547, 'HR': 150.0}
2025-08-05 19:53:18,876 [INFO] [efhr] >>> Trigger condition met
2025-08-05 19:53:18,883 [INFO] [efhr] running prediction
2025-08-05 19:54:19,326 [INFO] {'pid': 'central', 'type': 'efhr', 'EF': 0.7050419627846629, 'HR': 150.0}
2025-08-05 19:54:21,337 [INFO] [efhr] >>> Trigger condition met
2025-08-05 19:54:21,344 [INFO] [efhr] running prediction
2025-08-05 19:55:19,390 [INFO] {'pid': 'central', 'type': 'efhr', 'EF': 0.7050419627846629, 'HR': 150.0}
2025-08-05 19:55:21,415 [INFO] [efhr] >>> Trigger condition met
2025-08-05 19:55:21,422 [INFO] [efhr] running prediction
2025-08-05 19:56:19,444 [INFO] {'pid': 'central', 'type': 'prediction', 'diagnosis': 'SVT', 'confidence': 0.8911899328231812}
2025-08-05 19:56:19,454 [INFO] {'pid': 'central', 'type': 'efhr', 'EF': 0.7050419627846629, 'HR': 150.0}
2025-08-05 19:56:21,453 [INFO] [efhr] >>> Trigger condition met
2025-08-05 19:56:21,455 [INFO] [efhr] running prediction
2025-08-05 19:56:29,445 [INFO] [pred] >>> Trigger condition met
2025-08-05 19:56:29,449 [INFO] [pred] running prediction
2025-08-05 19:57:12,737 [INFO] {'pid': 'central', 'type': 'efhr', 'EF': 0.705041953758436, 'HR': 150.0}
2025-08-05 19:57:14,738 [INFO] [efhr] >>> Trigger condition met
2025-08-05 19:57:14,740 [INFO] [efhr] running prediction
2025-08-05 19:58:12,864 [INFO] {'pid': 'central', 'type': 'efhr', 'EF': 0.705041953758436, 'HR': 150.0}
2025-08-05 19:58:14,899 [INFO] [efhr] >>> Trigger condition met
2025-08-05 19:58:14,900 [INFO] [efhr] running prediction
2025-08-05 19:59:03,517 [INFO] {'pid': 'central', 'type': 'efhr', 'EF': 0.7050419627846629, 'HR': 150.0}
2025-08-05 19:59:05,524 [INFO] [efhr] >>> Trigger condition met
2025-08-05 19:59:05,530 [INFO] [efhr] running prediction
2025-08-05 19:59:58,226 [INFO] {'pid': 'central', 'type': 'efhr', 'EF': 0.7050419627846629, 'HR': 150.0}
2025-08-05 20:00:00,238 [INFO] [efhr] >>> Trigger condition met
2025-08-05 20:00:00,246 [INFO] [efhr] running prediction
2025-08-05 20:00:51,639 [INFO] {'pid': 'central', 'type': 'prediction', 'diagnosis': 'Sinus Rhythm', 'confidence': 0.8903809785842896}
2025-08-05 20:00:55,748 [INFO] {'pid': 'central', 'type': 'efhr', 'EF': 0.7050419596620547, 'HR': 150.0}
2025-08-05 20:00:57,760 [INFO] [efhr] >>> Trigger condition met
2025-08-05 20:00:57,763 [INFO] [efhr] running prediction
2025-08-05 20:01:01,632 [INFO] [pred] >>> Trigger condition met
2025-08-05 20:01:01,634 [INFO] [pred] running prediction
2025-08-05 20:01:48,154 [INFO] {'pid': 'central', 'type': 'efhr', 'EF': 0.7050419559907695, 'HR': 150.0}
2025-08-05 20:01:50,160 [INFO] [efhr] >>> Trigger condition met
2025-08-05 20:01:50,170 [INFO] [efhr] running prediction
2025-08-05 20:02:24,790 [INFO] {'pid': 'central', 'type': 'efhr', 'EF': 0.7050419559907695, 'HR': 150.0}
2025-08-05 20:02:26,825 [INFO] [efhr] >>> Trigger condition met
2025-08-05 20:02:26,841 [INFO] [efhr] running prediction
2025-08-05 20:03:26,058 [INFO] {'pid': 'central', 'type': 'efhr', 'EF': 0.7050419627846629, 'HR': 150.0}
2025-08-05 20:03:28,046 [INFO] [efhr] >>> Trigger condition met
2025-08-05 20:03:28,050 [INFO] [efhr] running prediction
2025-08-05 20:04:26,865 [INFO] {'pid': 'central', 'type': 'efhr', 'EF': 0.7050419627846629, 'HR': 150.0}
2025-08-05 20:04:28,890 [INFO] [efhr] >>> Trigger condition met
2025-08-05 20:04:28,893 [INFO] [efhr] running prediction
2025-08-05 20:05:22,121 [INFO] {'pid': 'central', 'type': 'prediction', 'diagnosis': 'SVT', 'confidence': 0.8911899328231812}
2025-08-05 20:05:27,631 [INFO] {'pid': 'central', 'type': 'efhr', 'EF': 0.7050419559907695, 'HR': 150.0}
2025-08-05 20:05:29,621 [INFO] [efhr] >>> Trigger condition met
2025-08-05 20:05:29,621 [INFO] [efhr] running prediction
2025-08-05 20:05:32,137 [INFO] [pred] >>> Trigger condition met
2025-08-05 20:05:32,140 [INFO] [pred] running prediction
2025-08-05 20:06:26,918 [INFO] {'pid': 'central', 'type': 'efhr', 'EF': 0.705041953758436, 'HR': 150.0}
2025-08-05 20:06:28,923 [INFO] [efhr] >>> Trigger condition met
2025-08-05 20:06:28,930 [INFO] [efhr] running prediction
2025-08-05 20:07:27,967 [INFO] {'pid': 'central', 'type': 'efhr', 'EF': 0.7050419627846629, 'HR': 150.0}
2025-08-05 20:07:29,958 [INFO] [efhr] >>> Trigger condition met
2025-08-05 20:07:29,963 [INFO] [efhr] running prediction
2025-08-05 20:08:50,520 [INFO] {'pid': 'central', 'type': 'efhr', 'EF': 0.7050419627846629, 'HR': 150.0}
2025-08-05 20:08:52,552 [INFO] [efhr] >>> Trigger condition met
2025-08-05 20:08:52,559 [INFO] [efhr] running prediction
2025-08-05 20:10:34,150 [INFO] {'pid': 'central', 'type': 'efhr', 'EF': 0.7050419559907695, 'HR': 150.0}
2025-08-05 20:10:36,174 [INFO] [efhr] >>> Trigger condition met
2025-08-05 20:10:36,205 [INFO] [efhr] running prediction
2025-08-05 20:11:26,951 [INFO] {'pid': 'central', 'type': 'prediction', 'diagnosis': 'Sinus Rhythm', 'confidence': 0.8903809785842896}
2025-08-05 20:11:36,965 [INFO] [pred] >>> Trigger condition met
2025-08-05 20:11:36,972 [INFO] [pred] running prediction
2025-08-05 20:12:06,701 [INFO] {'pid': 'central', 'type': 'efhr', 'EF': 0.7050419596620547, 'HR': 150.0}
2025-08-05 20:12:08,728 [INFO] [efhr] >>> Trigger condition met
2025-08-05 20:12:08,731 [INFO] [efhr] running prediction
2025-08-05 20:13:12,226 [INFO] {'pid': 'central', 'type': 'efhr', 'EF': 0.7050419627846629, 'HR': 150.0}
2025-08-05 20:13:14,254 [INFO] [efhr] >>> Trigger condition met
2025-08-05 20:13:14,266 [INFO] [efhr] running prediction
2025-08-05 20:14:17,824 [INFO] {'pid': 'central', 'type': 'efhr', 'EF': 0.7050419596620547, 'HR': 150.0}
2025-08-05 20:14:19,842 [INFO] [efhr] >>> Trigger condition met
2025-08-05 20:14:19,856 [INFO] [efhr] running prediction
2025-08-05 20:15:23,058 [INFO] {'pid': 'central', 'type': 'efhr', 'EF': 0.705041953758436, 'HR': 150.0}
2025-08-05 20:15:25,041 [INFO] [efhr] >>> Trigger condition met
2025-08-05 20:15:25,045 [INFO] [efhr] running prediction
2025-08-05 20:16:28,046 [INFO] {'pid': 'central', 'type': 'efhr', 'EF': 0.7050419559907695, 'HR': 150.0}
2025-08-05 20:16:30,045 [INFO] [efhr] >>> Trigger condition met
2025-08-05 20:16:30,050 [INFO] [efhr] running prediction
2025-08-05 20:16:52,938 [INFO] {'pid': 'central', 'type': 'prediction', 'diagnosis': 'SVT', 'confidence': 0.8911899328231812}
2025-08-05 20:17:02,950 [INFO] [pred] >>> Trigger condition met
2025-08-05 20:17:02,958 [INFO] [pred] running prediction
2025-08-05 20:17:25,813 [INFO] {'pid': 'central', 'type': 'efhr', 'EF': 0.7050419559907695, 'HR': 150.0}
2025-08-05 20:17:27,814 [INFO] [efhr] >>> Trigger condition met
2025-08-05 20:17:27,816 [INFO] [efhr] running prediction
2025-08-05 20:18:34,483 [INFO] {'pid': 'central', 'type': 'efhr', 'EF': 0.7050419627846629, 'HR': 150.0}
2025-08-05 20:18:36,494 [INFO] [efhr] >>> Trigger condition met
2025-08-05 20:18:36,501 [INFO] [efhr] running prediction
2025-08-05 20:19:46,418 [INFO] {'pid': 'central', 'type': 'efhr', 'EF': 0.7050419559907695, 'HR': 150.0}
2025-08-05 20:19:48,433 [INFO] [efhr] >>> Trigger condition met
2025-08-05 20:19:48,444 [INFO] [efhr] running prediction
2025-08-05 20:20:47,303 [INFO] {'pid': 'central', 'type': 'efhr', 'EF': 0.7050419559907695, 'HR': 150.0}
2025-08-05 20:20:49,322 [INFO] [efhr] >>> Trigger condition met
2025-08-05 20:20:49,331 [INFO] [efhr] running prediction
2025-08-05 20:21:49,110 [INFO] {'pid': 'central', 'type': 'efhr', 'EF': 0.7050419596620547, 'HR': 150.0}
2025-08-05 20:21:51,147 [INFO] [efhr] >>> Trigger condition met
2025-08-05 20:21:51,149 [INFO] [efhr] running prediction
2025-08-05 20:22:16,596 [INFO] {'pid': 'central', 'type': 'prediction', 'diagnosis': 'SVT', 'confidence': 0.8911899328231812}
2025-08-05 20:22:26,607 [INFO] [pred] >>> Trigger condition met
2025-08-05 20:22:26,613 [INFO] [pred] running prediction
2025-08-05 20:22:41,466 [INFO] {'pid': 'central', 'type': 'efhr', 'EF': 0.7050419627846629, 'HR': 150.0}
2025-08-05 20:22:43,485 [INFO] [efhr] >>> Trigger condition met
2025-08-05 20:22:43,492 [INFO] [efhr] running prediction
2025-08-05 20:23:44,838 [INFO] {'pid': 'central', 'type': 'efhr', 'EF': 0.7050419627846629, 'HR': 150.0}
2025-08-05 20:23:46,858 [INFO] [efhr] >>> Trigger condition met
2025-08-05 20:23:46,860 [INFO] [efhr] running prediction
2025-08-05 20:24:45,723 [INFO] {'pid': 'central', 'type': 'efhr', 'EF': 0.7050419627846629, 'HR': 150.0}
2025-08-05 20:24:47,720 [INFO] [efhr] >>> Trigger condition met
2025-08-05 20:24:47,729 [INFO] [efhr] running prediction
2025-08-05 20:25:45,550 [INFO] {'pid': 'central', 'type': 'efhr', 'EF': 0.7050419627846629, 'HR': 150.0}
2025-08-05 20:25:47,568 [INFO] [efhr] >>> Trigger condition met
2025-08-05 20:25:47,572 [INFO] [efhr] running prediction
2025-08-05 20:26:46,017 [INFO] {'pid': 'central', 'type': 'efhr', 'EF': 0.7050419559907695, 'HR': 150.0}
2025-08-05 20:26:48,029 [INFO] [efhr] >>> Trigger condition met
2025-08-05 20:26:48,037 [INFO] [efhr] running prediction
2025-08-05 20:27:20,488 [INFO] {'pid': 'central', 'type': 'prediction', 'diagnosis': 'SVT', 'confidence': 0.8911899328231812}
2025-08-05 20:27:30,511 [INFO] [pred] >>> Trigger condition met
2025-08-05 20:27:30,513 [INFO] [pred] running prediction
2025-08-05 20:27:37,139 [INFO] {'pid': 'central', 'type': 'efhr', 'EF': 0.7050419596620547, 'HR': 150.0}
2025-08-05 20:27:39,125 [INFO] [efhr] >>> Trigger condition met
2025-08-05 20:27:39,130 [INFO] [efhr] running prediction
2025-08-05 20:28:38,500 [INFO] {'pid': 'central', 'type': 'efhr', 'EF': 0.7050419627846629, 'HR': 150.0}
2025-08-05 20:28:40,512 [INFO] [efhr] >>> Trigger condition met
2025-08-05 20:28:40,520 [INFO] [efhr] running prediction
2025-08-05 20:29:41,838 [INFO] {'pid': 'central', 'type': 'efhr', 'EF': 0.7050419627846629, 'HR': 150.0}
2025-08-05 20:29:43,849 [INFO] [efhr] >>> Trigger condition met
2025-08-05 20:29:43,857 [INFO] [efhr] running prediction
2025-08-05 20:30:40,849 [INFO] {'pid': 'central', 'type': 'efhr', 'EF': 0.7050419627846629, 'HR': 150.0}
2025-08-05 20:30:42,864 [INFO] [efhr] >>> Trigger condition met
2025-08-05 20:30:42,870 [INFO] [efhr] running prediction
2025-08-05 20:31:41,532 [INFO] {'pid': 'central', 'type': 'efhr', 'EF': 0.705041953758436, 'HR': 150.0}
2025-08-05 20:31:43,582 [INFO] [efhr] >>> Trigger condition met
2025-08-05 20:31:43,586 [INFO] [efhr] running prediction
2025-08-05 20:32:04,910 [INFO] {'pid': 'central', 'type': 'prediction', 'diagnosis': 'SVT', 'confidence': 0.8911899328231812}
2025-08-05 20:32:07,283 [INFO] {'pid': 'central', 'type': 'efhr', 'EF': 0.7050419596620547, 'HR': 150.0}
